d:\ltnc_visual\geometry dash\debug\vc143.pdb
d:\ltnc_visual\geometry dash\debug\vc143.idb
d:\ltnc_visual\geometry dash\debug\textobject.obj
d:\ltnc_visual\geometry dash\debug\mainobject.obj
d:\ltnc_visual\geometry dash\debug\main.obj
d:\ltnc_visual\geometry dash\debug\imptimer.obj
d:\ltnc_visual\geometry dash\debug\game_map.obj
d:\ltnc_visual\geometry dash\debug\gameutils.obj
d:\ltnc_visual\geometry dash\debug\explosionobject.obj
d:\ltnc_visual\geometry dash\debug\baseobject.obj
d:\ltnc_visual\geometry dash\debug\commonfunc.obj
d:\ltnc_visual\geometry dash\debug\button.obj
d:\ltnc_visual\geometry dash\debug\demogmd_vc.exe
d:\ltnc_visual\geometry dash\debug\demogmd_vc.ilk
d:\ltnc_visual\geometry dash\debug\demogmd_vc.pdb
d:\ltnc_visual\geometry dash\debug\baseobject.nativecodeanalysis.xml
d:\ltnc_visual\geometry dash\debug\button.nativecodeanalysis.xml
d:\ltnc_visual\geometry dash\debug\commonfunc.nativecodeanalysis.xml
d:\ltnc_visual\geometry dash\debug\explosionobject.nativecodeanalysis.xml
d:\ltnc_visual\geometry dash\debug\gameutils.nativecodeanalysis.xml
d:\ltnc_visual\geometry dash\debug\game_map.nativecodeanalysis.xml
d:\ltnc_visual\geometry dash\debug\imptimer.nativecodeanalysis.xml
d:\ltnc_visual\geometry dash\debug\main.nativecodeanalysis.xml
d:\ltnc_visual\geometry dash\debug\mainobject.nativecodeanalysis.xml
d:\ltnc_visual\geometry dash\debug\textobject.nativecodeanalysis.xml
d:\ltnc_visual\geometry dash\debug\demogmd_vc.tlog\cl.command.1.tlog
d:\ltnc_visual\geometry dash\debug\demogmd_vc.tlog\cl.read.1.tlog
d:\ltnc_visual\geometry dash\debug\demogmd_vc.tlog\cl.write.1.tlog
d:\ltnc_visual\geometry dash\debug\demogmd_vc.tlog\link-cvtres.read.1.tlog
d:\ltnc_visual\geometry dash\debug\demogmd_vc.tlog\link-cvtres.write.1.tlog
d:\ltnc_visual\geometry dash\debug\demogmd_vc.tlog\link-rc.read.1.tlog
d:\ltnc_visual\geometry dash\debug\demogmd_vc.tlog\link-rc.write.1.tlog
d:\ltnc_visual\geometry dash\debug\demogmd_vc.tlog\link.20408-cvtres.read.1.tlog
d:\ltnc_visual\geometry dash\debug\demogmd_vc.tlog\link.20408-cvtres.write.1.tlog
d:\ltnc_visual\geometry dash\debug\demogmd_vc.tlog\link.20408-rc.read.1.tlog
d:\ltnc_visual\geometry dash\debug\demogmd_vc.tlog\link.20408-rc.write.1.tlog
d:\ltnc_visual\geometry dash\debug\demogmd_vc.tlog\link.20408.read.1.tlog
d:\ltnc_visual\geometry dash\debug\demogmd_vc.tlog\link.20408.write.1.tlog
d:\ltnc_visual\geometry dash\debug\demogmd_vc.tlog\link.command.1.tlog
d:\ltnc_visual\geometry dash\debug\demogmd_vc.tlog\link.read.1.tlog
d:\ltnc_visual\geometry dash\debug\demogmd_vc.tlog\link.write.1.tlog
