D:\VISUAL STUDIO CODE\MSBuild\Microsoft\VC\v170\Microsoft.CppBuild.targets(517,5): warning MSB8028: The intermediate directory (x64\Debug\) contains files shared from another project (Project1.vcxproj).  This can lead to incorrect clean and rebuild behavior.
background.obj : error LNK2019: unresolved external symbol SDL_GetError referenced in function "struct SDL_Texture * __cdecl loadTexture(class std::basic_string<char,struct std::char_traits<char>,class std::allocator<char> >,struct SDL_Renderer *)" (?loadTexture@@YAPEAUSDL_Texture@@V?$basic_string@DU?$char_traits@D@std@@V?$allocator@D@2@@std@@PEAUSDL_Renderer@@@Z)
background.obj : error LNK2019: unresolved external symbol SDL_FreeSurface referenced in function "struct SDL_Texture * __cdecl loadTexture(class std::basic_string<char,struct std::char_traits<char>,class std::allocator<char> >,struct SDL_Renderer *)" (?loadTexture@@YAPEAUSDL_Texture@@V?$basic_string@DU?$char_traits@D@std@@V?$allocator@D@2@@std@@PEAUSDL_Renderer@@@Z)
background.obj : error LNK2019: unresolved external symbol SDL_CreateWindow referenced in function "void __cdecl initSDL(struct SDL_Window * &,struct SDL_Renderer * &)" (?initSDL@@YAXAEAPEAUSDL_Window@@AEAPEAUSDL_Renderer@@@Z)
background.obj : error LNK2019: unresolved external symbol SDL_DestroyWindow referenced in function "void __cdecl quitSDL(struct SDL_Window *,struct SDL_Renderer *)" (?quitSDL@@YAXPEAUSDL_Window@@PEAUSDL_Renderer@@@Z)
background.obj : error LNK2019: unresolved external symbol SDL_WaitEvent referenced in function "void __cdecl waitUntilKeyPressed(void)" (?waitUntilKeyPressed@@YAXXZ)
background.obj : error LNK2019: unresolved external symbol SDL_SetHint referenced in function "void __cdecl initSDL(struct SDL_Window * &,struct SDL_Renderer * &)" (?initSDL@@YAXAEAPEAUSDL_Window@@AEAPEAUSDL_Renderer@@@Z)
background.obj : error LNK2019: unresolved external symbol SDL_CreateRenderer referenced in function "void __cdecl initSDL(struct SDL_Window * &,struct SDL_Renderer * &)" (?initSDL@@YAXAEAPEAUSDL_Window@@AEAPEAUSDL_Renderer@@@Z)
background.obj : error LNK2019: unresolved external symbol SDL_CreateTextureFromSurface referenced in function "struct SDL_Texture * __cdecl loadTexture(class std::basic_string<char,struct std::char_traits<char>,class std::allocator<char> >,struct SDL_Renderer *)" (?loadTexture@@YAPEAUSDL_Texture@@V?$basic_string@DU?$char_traits@D@std@@V?$allocator@D@2@@std@@PEAUSDL_Renderer@@@Z)
background.obj : error LNK2019: unresolved external symbol SDL_QueryTexture referenced in function SDL_main
background.obj : error LNK2019: unresolved external symbol SDL_RenderSetLogicalSize referenced in function "void __cdecl initSDL(struct SDL_Window * &,struct SDL_Renderer * &)" (?initSDL@@YAXAEAPEAUSDL_Window@@AEAPEAUSDL_Renderer@@@Z)
background.obj : error LNK2019: unresolved external symbol SDL_RenderCopy referenced in function SDL_main
background.obj : error LNK2019: unresolved external symbol SDL_RenderPresent referenced in function SDL_main
background.obj : error LNK2019: unresolved external symbol SDL_DestroyTexture referenced in function SDL_main
background.obj : error LNK2019: unresolved external symbol SDL_DestroyRenderer referenced in function "void __cdecl quitSDL(struct SDL_Window *,struct SDL_Renderer *)" (?quitSDL@@YAXPEAUSDL_Window@@PEAUSDL_Renderer@@@Z)
background.obj : error LNK2019: unresolved external symbol SDL_Delay referenced in function "void __cdecl waitUntilKeyPressed(void)" (?waitUntilKeyPressed@@YAXXZ)
background.obj : error LNK2019: unresolved external symbol SDL_Init referenced in function "void __cdecl initSDL(struct SDL_Window * &,struct SDL_Renderer * &)" (?initSDL@@YAXAEAPEAUSDL_Window@@AEAPEAUSDL_Renderer@@@Z)
background.obj : error LNK2019: unresolved external symbol SDL_Quit referenced in function "void __cdecl logSDLError(class std::basic_ostream<char,struct std::char_traits<char> > &,class std::basic_string<char,struct std::char_traits<char>,class std::allocator<char> > const &,bool)" (?logSDLError@@YAXAEAV?$basic_ostream@DU?$char_traits@D@std@@@std@@AEBV?$basic_string@DU?$char_traits@D@std@@V?$allocator@D@2@@2@_N@Z)
background.obj : error LNK2019: unresolved external symbol IMG_Load referenced in function "struct SDL_Texture * __cdecl loadTexture(class std::basic_string<char,struct std::char_traits<char>,class std::allocator<char> >,struct SDL_Renderer *)" (?loadTexture@@YAPEAUSDL_Texture@@V?$basic_string@DU?$char_traits@D@std@@V?$allocator@D@2@@std@@PEAUSDL_Renderer@@@Z)
MSVCRTD.lib(exe_main.obj) : error LNK2019: unresolved external symbol main referenced in function "int __cdecl invoke_main(void)" (?invoke_main@@YAHXZ)
D:\LTNC_Visual\SDL2_VC\SDL2-2.26.4\lib\x86\SDL2.lib : warning LNK4272: library machine type 'x86' conflicts with target machine type 'x64'
D:\LTNC_Visual\SDL2_VC\SDL2-2.26.4\lib\x86\SDL2main.lib : warning LNK4272: library machine type 'x86' conflicts with target machine type 'x64'
D:\LTNC_Visual\SDL2_VC\SDL2-2.26.4\lib\x86\SDL2test.lib : warning LNK4272: library machine type 'x86' conflicts with target machine type 'x64'
D:\LTNC_Visual\SDL2_VC\SDL2_image-2.6.3\lib\x86\SDL2_image.lib : warning LNK4272: library machine type 'x86' conflicts with target machine type 'x64'
D:\LTNC_Visual\SDL2_VC\SDL2_mixer-2.6.3\lib\x86\SDL2_mixer.lib : warning LNK4272: library machine type 'x86' conflicts with target machine type 'x64'
D:\LTNC_Visual\SDL2_VC\SDL2_ttf-2.20.2\lib\x86\SDL2_ttf.lib : warning LNK4272: library machine type 'x86' conflicts with target machine type 'x64'
D:\LTNC_Visual\Geometry Dash\x64\Debug\Demo.exe : fatal error LNK1120: 19 unresolved externals
